<?xml version="1.0" encoding="UTF-8"?>
<coverage generated="1690493753586" clover="3.2.0">
  <project timestamp="1690493753586" name="All files">
    <metrics statements="53" coveredstatements="53" conditionals="1" coveredconditionals="1" methods="25" coveredmethods="25" elements="79" coveredelements="79" complexity="0" loc="53" ncloc="53" packages="2" files="7" classes="7"/>
    <package name="classes">
      <metrics statements="49" coveredstatements="49" conditionals="1" coveredconditionals="1" methods="23" coveredmethods="23"/>
      <file name="customer.ts" path="C:\REPOSITORIO_GITHUB_DESKTOP\UDEMY_Curso_de_JavaScript_e_TypeScript_do_basico_ao_avancado\Secao_26-TypeScript-Testes_com_Jest\src\classes\customer.ts">
        <metrics statements="11" coveredstatements="11" conditionals="0" coveredconditionals="0" methods="6" coveredmethods="6"/>
        <line num="3" count="1" type="stmt"/>
        <line num="9" count="2" type="stmt"/>
        <line num="10" count="2" type="stmt"/>
        <line num="11" count="2" type="stmt"/>
        <line num="15" count="1" type="stmt"/>
        <line num="19" count="1" type="stmt"/>
        <line num="23" count="1" type="stmt"/>
        <line num="28" count="2" type="stmt"/>
        <line num="29" count="2" type="stmt"/>
        <line num="33" count="1" type="stmt"/>
        <line num="37" count="1" type="stmt"/>
      </file>
      <file name="discount.ts" path="C:\REPOSITORIO_GITHUB_DESKTOP\UDEMY_Curso_de_JavaScript_e_TypeScript_do_basico_ao_avancado\Secao_26-TypeScript-Testes_com_Jest\src\classes\discount.ts">
        <metrics statements="8" coveredstatements="8" conditionals="0" coveredconditionals="0" methods="4" coveredmethods="4"/>
        <line num="1" count="2" type="stmt"/>
        <line num="2" count="9" type="stmt"/>
        <line num="5" count="6" type="stmt"/>
        <line num="9" count="2" type="stmt"/>
        <line num="10" count="1" type="stmt"/>
        <line num="13" count="2" type="stmt"/>
        <line num="14" count="1" type="stmt"/>
        <line num="17" count="2" type="stmt"/>
      </file>
      <file name="order.ts" path="C:\REPOSITORIO_GITHUB_DESKTOP\UDEMY_Curso_de_JavaScript_e_TypeScript_do_basico_ao_avancado\Secao_26-TypeScript-Testes_com_Jest\src\classes\order.ts">
        <metrics statements="15" coveredstatements="15" conditionals="1" coveredconditionals="1" methods="3" coveredmethods="3"/>
        <line num="7" count="1" type="stmt"/>
        <line num="8" count="5" type="stmt"/>
        <line num="12" count="5" type="stmt"/>
        <line num="15" count="5" type="stmt"/>
        <line num="18" count="5" type="stmt"/>
        <line num="21" count="5" type="stmt"/>
        <line num="25" count="2" type="stmt"/>
        <line num="29" count="5" type="cond" truecount="1" falsecount="0"/>
        <line num="30" count="1" type="stmt"/>
        <line num="31" count="1" type="stmt"/>
        <line num="34" count="4" type="stmt"/>
        <line num="35" count="4" type="stmt"/>
        <line num="36" count="4" type="stmt"/>
        <line num="37" count="4" type="stmt"/>
        <line num="39" count="4" type="stmt"/>
      </file>
      <file name="product.ts" path="C:\REPOSITORIO_GITHUB_DESKTOP\UDEMY_Curso_de_JavaScript_e_TypeScript_do_basico_ao_avancado\Secao_26-TypeScript-Testes_com_Jest\src\classes\product.ts">
        <metrics statements="3" coveredstatements="3" conditionals="0" coveredconditionals="0" methods="1" coveredmethods="1"/>
        <line num="3" count="1" type="stmt"/>
        <line num="6" count="1" type="stmt"/>
        <line num="9" count="1" type="stmt"/>
      </file>
      <file name="shopping-cart.ts" path="C:\REPOSITORIO_GITHUB_DESKTOP\UDEMY_Curso_de_JavaScript_e_TypeScript_do_basico_ao_avancado\Secao_26-TypeScript-Testes_com_Jest\src\classes\shopping-cart.ts">
        <metrics statements="12" coveredstatements="12" conditionals="0" coveredconditionals="0" methods="9" coveredmethods="9"/>
        <line num="5" count="1" type="stmt"/>
        <line num="6" count="6" type="stmt"/>
        <line num="9" count="6" type="stmt"/>
        <line num="12" count="5" type="stmt"/>
        <line num="16" count="12" type="stmt"/>
        <line num="20" count="2" type="stmt"/>
        <line num="24" count="5" type="stmt"/>
        <line num="25" count="10" type="stmt"/>
        <line num="30" count="3" type="stmt"/>
        <line num="34" count="2" type="stmt"/>
        <line num="38" count="1" type="stmt"/>
        <line num="39" count="1" type="stmt"/>
      </file>
    </package>
    <package name="services">
      <metrics statements="4" coveredstatements="4" conditionals="0" coveredconditionals="0" methods="2" coveredmethods="2"/>
      <file name="messaging.ts" path="C:\REPOSITORIO_GITHUB_DESKTOP\UDEMY_Curso_de_JavaScript_e_TypeScript_do_basico_ao_avancado\Secao_26-TypeScript-Testes_com_Jest\src\services\messaging.ts">
        <metrics statements="2" coveredstatements="2" conditionals="0" coveredconditionals="0" methods="1" coveredmethods="1"/>
        <line num="3" count="1" type="stmt"/>
        <line num="5" count="3" type="stmt"/>
      </file>
      <file name="persistency.ts" path="C:\REPOSITORIO_GITHUB_DESKTOP\UDEMY_Curso_de_JavaScript_e_TypeScript_do_basico_ao_avancado\Secao_26-TypeScript-Testes_com_Jest\src\services\persistency.ts">
        <metrics statements="2" coveredstatements="2" conditionals="0" coveredconditionals="0" methods="1" coveredmethods="1"/>
        <line num="3" count="1" type="stmt"/>
        <line num="5" count="3" type="stmt"/>
      </file>
    </package>
  </project>
</coverage>
