{"C:\\REPOSITORIO_GITHUB_DESKTOP\\UDEMY_Curso_de_JavaScript_e_TypeScript_do_basico_ao_avancado\\Secao_26-TypeScript-Testes_com_Jest\\src\\classes\\customer.ts": {"path":"C:\\REPOSITORIO_GITHUB_DESKTOP\\UDEMY_Curso_de_JavaScript_e_TypeScript_do_basico_ao_avancado\\Secao_26-TypeScript-Testes_com_Jest\\src\\classes\\customer.ts","statementMap":{"0":{"start":{"line":9,"column":4},"end":{"line":9,"column":31}},"1":{"start":{"line":10,"column":4},"end":{"line":10,"column":29}},"2":{"start":{"line":11,"column":4},"end":{"line":11,"column":19}},"3":{"start":{"line":15,"column":4},"end":{"line":15,"column":48}},"4":{"start":{"line":19,"column":4},"end":{"line":19,"column":25}},"5":{"start":{"line":3,"column":0},"end":{"line":3,"column":13}},"6":{"start":{"line":28,"column":4},"end":{"line":28,"column":21}},"7":{"start":{"line":29,"column":4},"end":{"line":29,"column":21}},"8":{"start":{"line":33,"column":4},"end":{"line":33,"column":26}},"9":{"start":{"line":37,"column":4},"end":{"line":37,"column":26}},"10":{"start":{"line":23,"column":0},"end":{"line":23,"column":13}}},"fnMap":{"0":{"name":"(anonymous_0)","decl":{"start":{"line":8,"column":2},"end":{"line":8,"column":14}},"loc":{"start":{"line":8,"column":62},"end":{"line":12,"column":3}}},"1":{"name":"(anonymous_1)","decl":{"start":{"line":14,"column":2},"end":{"line":14,"column":9}},"loc":{"start":{"line":14,"column":9},"end":{"line":16,"column":3}}},"2":{"name":"(anonymous_2)","decl":{"start":{"line":18,"column":2},"end":{"line":18,"column":8}},"loc":{"start":{"line":18,"column":8},"end":{"line":20,"column":3}}},"3":{"name":"(anonymous_3)","decl":{"start":{"line":27,"column":2},"end":{"line":27,"column":14}},"loc":{"start":{"line":27,"column":40},"end":{"line":30,"column":3}}},"4":{"name":"(anonymous_4)","decl":{"start":{"line":32,"column":2},"end":{"line":32,"column":9}},"loc":{"start":{"line":32,"column":9},"end":{"line":34,"column":3}}},"5":{"name":"(anonymous_5)","decl":{"start":{"line":36,"column":2},"end":{"line":36,"column":8}},"loc":{"start":{"line":36,"column":8},"end":{"line":38,"column":3}}}},"branchMap":{},"s":{"0":2,"1":2,"2":2,"3":1,"4":1,"5":1,"6":2,"7":2,"8":1,"9":1,"10":1},"f":{"0":2,"1":1,"2":1,"3":2,"4":1,"5":1},"b":{}}
,"C:\\REPOSITORIO_GITHUB_DESKTOP\\UDEMY_Curso_de_JavaScript_e_TypeScript_do_basico_ao_avancado\\Secao_26-TypeScript-Testes_com_Jest\\src\\classes\\discount.ts": {"path":"C:\\REPOSITORIO_GITHUB_DESKTOP\\UDEMY_Curso_de_JavaScript_e_TypeScript_do_basico_ao_avancado\\Secao_26-TypeScript-Testes_com_Jest\\src\\classes\\discount.ts","statementMap":{"0":{"start":{"line":2,"column":12},"end":{"line":2,"column":25}},"1":{"start":{"line":5,"column":4},"end":{"line":5,"column":41}},"2":{"start":{"line":1,"column":0},"end":{"line":1,"column":22}},"3":{"start":{"line":10,"column":21},"end":{"line":10,"column":36}},"4":{"start":{"line":9,"column":0},"end":{"line":9,"column":13}},"5":{"start":{"line":14,"column":21},"end":{"line":14,"column":36}},"6":{"start":{"line":13,"column":0},"end":{"line":13,"column":13}},"7":{"start":{"line":17,"column":0},"end":{"line":17,"column":13}}},"fnMap":{"0":{"name":"(anonymous_0)","decl":{"start":{"line":1,"column":0},"end":{"line":1,"column":22}},"loc":{"start":{"line":1,"column":0},"end":{"line":7,"column":1}}},"1":{"name":"(anonymous_1)","decl":{"start":{"line":4,"column":2},"end":{"line":4,"column":11}},"loc":{"start":{"line":4,"column":25},"end":{"line":6,"column":3}}},"2":{"name":"(anonymous_2)","decl":{"start":{"line":9,"column":0},"end":{"line":9,"column":13}},"loc":{"start":{"line":9,"column":0},"end":{"line":11,"column":1}}},"3":{"name":"(anonymous_3)","decl":{"start":{"line":13,"column":0},"end":{"line":13,"column":13}},"loc":{"start":{"line":13,"column":0},"end":{"line":15,"column":1}}}},"branchMap":{},"s":{"0":9,"1":6,"2":2,"3":1,"4":2,"5":1,"6":2,"7":2},"f":{"0":9,"1":6,"2":1,"3":1},"b":{}}
,"C:\\REPOSITORIO_GITHUB_DESKTOP\\UDEMY_Curso_de_JavaScript_e_TypeScript_do_basico_ao_avancado\\Secao_26-TypeScript-Testes_com_Jest\\src\\classes\\order.ts": {"path":"C:\\REPOSITORIO_GITHUB_DESKTOP\\UDEMY_Curso_de_JavaScript_e_TypeScript_do_basico_ao_avancado\\Secao_26-TypeScript-Testes_com_Jest\\src\\classes\\order.ts","statementMap":{"0":{"start":{"line":12,"column":21},"end":{"line":12,"column":47}},"1":{"start":{"line":15,"column":21},"end":{"line":15,"column":49}},"2":{"start":{"line":18,"column":21},"end":{"line":18,"column":53}},"3":{"start":{"line":21,"column":21},"end":{"line":21,"column":44}},"4":{"start":{"line":8,"column":10},"end":{"line":8,"column":45}},"5":{"start":{"line":25,"column":4},"end":{"line":25,"column":29}},"6":{"start":{"line":29,"column":4},"end":{"line":32,"column":null}},"7":{"start":{"line":30,"column":6},"end":{"line":30,"column":46}},"8":{"start":{"line":31,"column":6},"end":{"line":31,"column":13}},"9":{"start":{"line":34,"column":4},"end":{"line":34,"column":33}},"10":{"start":{"line":35,"column":4},"end":{"line":35,"column":107}},"11":{"start":{"line":36,"column":4},"end":{"line":36,"column":33}},"12":{"start":{"line":37,"column":4},"end":{"line":37,"column":22}},"13":{"start":{"line":39,"column":4},"end":{"line":39,"column":86}},"14":{"start":{"line":7,"column":0},"end":{"line":7,"column":13}}},"fnMap":{"0":{"name":"(anonymous_0)","decl":{"start":{"line":10,"column":2},"end":{"line":10,"column":null}},"loc":{"start":{"line":21,"column":44},"end":{"line":22,"column":7}}},"1":{"name":"(anonymous_1)","decl":{"start":{"line":24,"column":2},"end":{"line":24,"column":6}},"loc":{"start":{"line":24,"column":17},"end":{"line":26,"column":3}}},"2":{"name":"(anonymous_2)","decl":{"start":{"line":28,"column":2},"end":{"line":28,"column":10}},"loc":{"start":{"line":28,"column":10},"end":{"line":40,"column":3}}}},"branchMap":{"0":{"loc":{"start":{"line":29,"column":4},"end":{"line":32,"column":null}},"type":"if","locations":[{"start":{"line":29,"column":4},"end":{"line":32,"column":null}}]}},"s":{"0":5,"1":5,"2":5,"3":5,"4":5,"5":2,"6":5,"7":1,"8":1,"9":4,"10":4,"11":4,"12":4,"13":4,"14":1},"f":{"0":5,"1":2,"2":5},"b":{"0":[1]}}
,"C:\\REPOSITORIO_GITHUB_DESKTOP\\UDEMY_Curso_de_JavaScript_e_TypeScript_do_basico_ao_avancado\\Secao_26-TypeScript-Testes_com_Jest\\src\\classes\\product.ts": {"path":"C:\\REPOSITORIO_GITHUB_DESKTOP\\UDEMY_Curso_de_JavaScript_e_TypeScript_do_basico_ao_avancado\\Secao_26-TypeScript-Testes_com_Jest\\src\\classes\\product.ts","statementMap":{"0":{"start":{"line":6,"column":11},"end":{"line":6,"column":23}},"1":{"start":{"line":9,"column":11},"end":{"line":9,"column":24}},"2":{"start":{"line":3,"column":0},"end":{"line":3,"column":13}}},"fnMap":{"0":{"name":"(anonymous_0)","decl":{"start":{"line":4,"column":2},"end":{"line":4,"column":null}},"loc":{"start":{"line":9,"column":24},"end":{"line":10,"column":7}}}},"branchMap":{},"s":{"0":1,"1":1,"2":1},"f":{"0":1},"b":{}}
,"C:\\REPOSITORIO_GITHUB_DESKTOP\\UDEMY_Curso_de_JavaScript_e_TypeScript_do_basico_ao_avancado\\Secao_26-TypeScript-Testes_com_Jest\\src\\classes\\shopping-cart.ts": {"path":"C:\\REPOSITORIO_GITHUB_DESKTOP\\UDEMY_Curso_de_JavaScript_e_TypeScript_do_basico_ao_avancado\\Secao_26-TypeScript-Testes_com_Jest\\src\\classes\\shopping-cart.ts","statementMap":{"0":{"start":{"line":9,"column":31},"end":{"line":9,"column":49}},"1":{"start":{"line":6,"column":19},"end":{"line":6,"column":43}},"2":{"start":{"line":12,"column":4},"end":{"line":12,"column":23}},"3":{"start":{"line":16,"column":4},"end":{"line":16,"column":27}},"4":{"start":{"line":20,"column":4},"end":{"line":20,"column":33}},"5":{"start":{"line":24,"column":4},"end":{"line":26,"column":18}},"6":{"start":{"line":25,"column":31},"end":{"line":25,"column":49}},"7":{"start":{"line":30,"column":4},"end":{"line":30,"column":49}},"8":{"start":{"line":34,"column":4},"end":{"line":34,"column":36}},"9":{"start":{"line":38,"column":4},"end":{"line":38,"column":50}},"10":{"start":{"line":39,"column":4},"end":{"line":39,"column":27}},"11":{"start":{"line":5,"column":0},"end":{"line":5,"column":13}}},"fnMap":{"0":{"name":"(anonymous_0)","decl":{"start":{"line":9,"column":2},"end":{"line":9,"column":31}},"loc":{"start":{"line":9,"column":49},"end":{"line":9,"column":54}}},"1":{"name":"(anonymous_1)","decl":{"start":{"line":11,"column":2},"end":{"line":11,"column":6}},"loc":{"start":{"line":11,"column":11},"end":{"line":13,"column":3}}},"2":{"name":"(anonymous_2)","decl":{"start":{"line":15,"column":2},"end":{"line":15,"column":9}},"loc":{"start":{"line":15,"column":24},"end":{"line":17,"column":3}}},"3":{"name":"(anonymous_3)","decl":{"start":{"line":19,"column":2},"end":{"line":19,"column":12}},"loc":{"start":{"line":19,"column":26},"end":{"line":21,"column":3}}},"4":{"name":"(anonymous_4)","decl":{"start":{"line":23,"column":2},"end":{"line":23,"column":7}},"loc":{"start":{"line":23,"column":7},"end":{"line":27,"column":3}}},"5":{"name":"(anonymous_5)","decl":{"start":{"line":25,"column":14},"end":{"line":25,"column":15}},"loc":{"start":{"line":25,"column":31},"end":{"line":25,"column":49}}},"6":{"name":"(anonymous_6)","decl":{"start":{"line":29,"column":2},"end":{"line":29,"column":19}},"loc":{"start":{"line":29,"column":19},"end":{"line":31,"column":3}}},"7":{"name":"(anonymous_7)","decl":{"start":{"line":33,"column":2},"end":{"line":33,"column":9}},"loc":{"start":{"line":33,"column":9},"end":{"line":35,"column":3}}},"8":{"name":"(anonymous_8)","decl":{"start":{"line":37,"column":2},"end":{"line":37,"column":7}},"loc":{"start":{"line":37,"column":7},"end":{"line":40,"column":3}}}},"branchMap":{},"s":{"0":6,"1":6,"2":5,"3":12,"4":2,"5":5,"6":10,"7":3,"8":2,"9":1,"10":1,"11":1},"f":{"0":6,"1":5,"2":12,"3":2,"4":5,"5":10,"6":3,"7":2,"8":1},"b":{}}
,"C:\\REPOSITORIO_GITHUB_DESKTOP\\UDEMY_Curso_de_JavaScript_e_TypeScript_do_basico_ao_avancado\\Secao_26-TypeScript-Testes_com_Jest\\src\\services\\messaging.ts": {"path":"C:\\REPOSITORIO_GITHUB_DESKTOP\\UDEMY_Curso_de_JavaScript_e_TypeScript_do_basico_ao_avancado\\Secao_26-TypeScript-Testes_com_Jest\\src\\services\\messaging.ts","statementMap":{"0":{"start":{"line":5,"column":4},"end":{"line":5,"column":42}},"1":{"start":{"line":3,"column":0},"end":{"line":3,"column":13}}},"fnMap":{"0":{"name":"(anonymous_0)","decl":{"start":{"line":4,"column":2},"end":{"line":4,"column":13}},"loc":{"start":{"line":4,"column":25},"end":{"line":6,"column":3}}}},"branchMap":{},"s":{"0":3,"1":1},"f":{"0":3},"b":{}}
,"C:\\REPOSITORIO_GITHUB_DESKTOP\\UDEMY_Curso_de_JavaScript_e_TypeScript_do_basico_ao_avancado\\Secao_26-TypeScript-Testes_com_Jest\\src\\services\\persistency.ts": {"path":"C:\\REPOSITORIO_GITHUB_DESKTOP\\UDEMY_Curso_de_JavaScript_e_TypeScript_do_basico_ao_avancado\\Secao_26-TypeScript-Testes_com_Jest\\src\\services\\persistency.ts","statementMap":{"0":{"start":{"line":5,"column":4},"end":{"line":5,"column":45}},"1":{"start":{"line":3,"column":0},"end":{"line":3,"column":13}}},"fnMap":{"0":{"name":"(anonymous_0)","decl":{"start":{"line":4,"column":2},"end":{"line":4,"column":11}},"loc":{"start":{"line":4,"column":11},"end":{"line":6,"column":3}}}},"branchMap":{},"s":{"0":3,"1":1},"f":{"0":3},"b":{}}
}
