TN:
SF:src\classes\customer.ts
FN:8,(anonymous_0)
FN:14,(anonymous_1)
FN:18,(anonymous_2)
FN:27,(anonymous_3)
FN:32,(anonymous_4)
FN:36,(anonymous_5)
FNF:6
FNH:6
FNDA:2,(anonymous_0)
FNDA:1,(anonymous_1)
FNDA:1,(anonymous_2)
FNDA:2,(anonymous_3)
FNDA:1,(anonymous_4)
FNDA:1,(anonymous_5)
DA:3,1
DA:9,2
DA:10,2
DA:11,2
DA:15,1
DA:19,1
DA:23,1
DA:28,2
DA:29,2
DA:33,1
DA:37,1
LF:11
LH:11
BRF:0
BRH:0
end_of_record
TN:
SF:src\classes\discount.ts
FN:1,(anonymous_0)
FN:4,(anonymous_1)
FN:9,(anonymous_2)
FN:13,(anonymous_3)
FNF:4
FNH:4
FNDA:9,(anonymous_0)
FNDA:6,(anonymous_1)
FNDA:1,(anonymous_2)
FNDA:1,(anonymous_3)
DA:1,2
DA:2,9
DA:5,6
DA:9,2
DA:10,1
DA:13,2
DA:14,1
DA:17,2
LF:8
LH:8
BRF:0
BRH:0
end_of_record
TN:
SF:src\classes\order.ts
FN:10,(anonymous_0)
FN:24,(anonymous_1)
FN:28,(anonymous_2)
FNF:3
FNH:3
FNDA:5,(anonymous_0)
FNDA:2,(anonymous_1)
FNDA:5,(anonymous_2)
DA:7,1
DA:8,5
DA:12,5
DA:15,5
DA:18,5
DA:21,5
DA:25,2
DA:29,5
DA:30,1
DA:31,1
DA:34,4
DA:35,4
DA:36,4
DA:37,4
DA:39,4
LF:15
LH:15
BRDA:29,0,0,1
BRF:1
BRH:1
end_of_record
TN:
SF:src\classes\product.ts
FN:4,(anonymous_0)
FNF:1
FNH:1
FNDA:1,(anonymous_0)
DA:3,1
DA:6,1
DA:9,1
LF:3
LH:3
BRF:0
BRH:0
end_of_record
TN:
SF:src\classes\shopping-cart.ts
FN:9,(anonymous_0)
FN:11,(anonymous_1)
FN:15,(anonymous_2)
FN:19,(anonymous_3)
FN:23,(anonymous_4)
FN:25,(anonymous_5)
FN:29,(anonymous_6)
FN:33,(anonymous_7)
FN:37,(anonymous_8)
FNF:9
FNH:9
FNDA:6,(anonymous_0)
FNDA:5,(anonymous_1)
FNDA:12,(anonymous_2)
FNDA:2,(anonymous_3)
FNDA:5,(anonymous_4)
FNDA:10,(anonymous_5)
FNDA:3,(anonymous_6)
FNDA:2,(anonymous_7)
FNDA:1,(anonymous_8)
DA:5,1
DA:6,6
DA:9,6
DA:12,5
DA:16,12
DA:20,2
DA:24,5
DA:25,10
DA:30,3
DA:34,2
DA:38,1
DA:39,1
LF:12
LH:12
BRF:0
BRH:0
end_of_record
TN:
SF:src\services\messaging.ts
FN:4,(anonymous_0)
FNF:1
FNH:1
FNDA:3,(anonymous_0)
DA:3,1
DA:5,3
LF:2
LH:2
BRF:0
BRH:0
end_of_record
TN:
SF:src\services\persistency.ts
FN:4,(anonymous_0)
FNF:1
FNH:1
FNDA:3,(anonymous_0)
DA:3,1
DA:5,3
LF:2
LH:2
BRF:0
BRH:0
end_of_record
